{"time_budget_progress": {"completed_positions": 25, "total_positions": 1800, "pct": 0.0139, "elapsed_minutes": 4.09, "eta_minutes": 290.16, "selected_scope": "GLOBAL_TOP_COMPLEXITY"}}
{"time_budget_progress": {"completed_positions": 50, "total_positions": 1800, "pct": 0.0278, "elapsed_minutes": 8.18, "eta_minutes": 286.16, "selected_scope": "GLOBAL_TOP_COMPLEXITY"}}
{"time_budget_progress": {"completed_positions": 75, "total_positions": 1800, "pct": 0.0417, "elapsed_minutes": 12.27, "eta_minutes": 282.11, "selected_scope": "GLOBAL_TOP_COMPLEXITY"}}
{"time_budget_progress": {"completed_positions": 100, "total_positions": 1800, "pct": 0.0556, "elapsed_minutes": 16.35, "eta_minutes": 278.0, "selected_scope": "GLOBAL_TOP_COMPLEXITY"}}
{"time_budget_progress": {"completed_positions": 125, "total_positions": 1800, "pct": 0.0694, "elapsed_minutes": 19.09, "eta_minutes": 255.76, "selected_scope": "GLOBAL_TOP_COMPLEXITY"}}
{"time_budget_progress": {"completed_positions": 150, "total_positions": 1800, "pct": 0.0833, "elapsed_minutes": 23.17, "eta_minutes": 254.91, "selected_scope": "GLOBAL_TOP_COMPLEXITY"}}
{"time_budget_progress": {"completed_positions": 175, "total_positions": 1800, "pct": 0.0972, "elapsed_minutes": 27.26, "eta_minutes": 253.14, "selected_scope": "GLOBAL_TOP_COMPLEXITY"}}
{"time_budget_progress": {"completed_positions": 200, "total_positions": 1800, "pct": 0.1111, "elapsed_minutes": 31.35, "eta_minutes": 250.81, "selected_scope": "GLOBAL_TOP_COMPLEXITY"}}
{"time_budget_progress": {"completed_positions": 225, "total_positions": 1800, "pct": 0.125, "elapsed_minutes": 34.1, "eta_minutes": 238.69, "selected_scope": "GLOBAL_TOP_COMPLEXITY"}}
{"time_budget_progress": {"completed_positions": 250, "total_positions": 1800, "pct": 0.1389, "elapsed_minutes": 38.18, "eta_minutes": 236.71, "selected_scope": "GLOBAL_TOP_COMPLEXITY"}}
{"time_budget_progress": {"completed_positions": 275, "total_positions": 1800, "pct": 0.1528, "elapsed_minutes": 42.26, "eta_minutes": 234.35, "selected_scope": "GLOBAL_TOP_COMPLEXITY"}}
{"time_budget_progress": {"completed_positions": 300, "total_positions": 1800, "pct": 0.1667, "elapsed_minutes": 46.35, "eta_minutes": 231.74, "selected_scope": "GLOBAL_TOP_COMPLEXITY"}}
{"time_budget_progress": {"completed_positions": 325, "total_positions": 1800, "pct": 0.1806, "elapsed_minutes": 50.44, "eta_minutes": 228.9, "selected_scope": "GLOBAL_TOP_COMPLEXITY"}}
{"time_budget_progress": {"completed_positions": 350, "total_positions": 1800, "pct": 0.1944, "elapsed_minutes": 53.18, "eta_minutes": 220.32, "selected_scope": "GLOBAL_TOP_COMPLEXITY"}}
{"time_budget_progress": {"completed_positions": 375, "total_positions": 1800, "pct": 0.2083, "elapsed_minutes": 57.27, "eta_minutes": 217.61, "selected_scope": "GLOBAL_TOP_COMPLEXITY"}}
{"time_budget_progress": {"completed_positions": 400, "total_positions": 1800, "pct": 0.2222, "elapsed_minutes": 61.35, "eta_minutes": 214.72, "selected_scope": "GLOBAL_TOP_COMPLEXITY"}}
{"time_budget_progress": {"completed_positions": 425, "total_positions": 1800, "pct": 0.2361, "elapsed_minutes": 65.44, "eta_minutes": 211.71, "selected_scope": "GLOBAL_TOP_COMPLEXITY"}}
{"time_budget_progress": {"completed_positions": 450, "total_positions": 1800, "pct": 0.25, "elapsed_minutes": 68.19, "eta_minutes": 204.56, "selected_scope": "GLOBAL_TOP_COMPLEXITY"}}
{"time_budget_progress": {"completed_positions": 475, "total_positions": 1800, "pct": 0.2639, "elapsed_minutes": 72.27, "eta_minutes": 201.59, "selected_scope": "GLOBAL_TOP_COMPLEXITY"}}
{"time_budget_progress": {"completed_positions": 500, "total_positions": 1800, "pct": 0.2778, "elapsed_minutes": 76.35, "eta_minutes": 198.5, "selected_scope": "GLOBAL_TOP_COMPLEXITY"}}
{"time_budget_progress": {"completed_positions": 525, "total_positions": 1800, "pct": 0.2917, "elapsed_minutes": 80.43, "eta_minutes": 195.34, "selected_scope": "GLOBAL_TOP_COMPLEXITY"}}
{"time_budget_progress": {"completed_positions": 550, "total_positions": 1800, "pct": 0.3056, "elapsed_minutes": 84.52, "eta_minutes": 192.09, "selected_scope": "GLOBAL_TOP_COMPLEXITY"}}
{"time_budget_progress": {"completed_positions": 575, "total_positions": 1800, "pct": 0.3194, "elapsed_minutes": 87.27, "eta_minutes": 185.92, "selected_scope": "GLOBAL_TOP_COMPLEXITY"}}
{"time_budget_progress": {"completed_positions": 600, "total_positions": 1800, "pct": 0.3333, "elapsed_minutes": 91.35, "eta_minutes": 182.69, "selected_scope": "GLOBAL_TOP_COMPLEXITY"}}
{"time_budget_progress": {"completed_positions": 625, "total_positions": 1800, "pct": 0.3472, "elapsed_minutes": 95.43, "eta_minutes": 179.41, "selected_scope": "GLOBAL_TOP_COMPLEXITY"}}
{"time_budget_progress": {"completed_positions": 650, "total_positions": 1800, "pct": 0.3611, "elapsed_minutes": 99.51, "eta_minutes": 176.06, "selected_scope": "GLOBAL_TOP_COMPLEXITY"}}
{"time_budget_progress": {"completed_positions": 675, "total_positions": 1800, "pct": 0.375, "elapsed_minutes": 102.27, "eta_minutes": 170.45, "selected_scope": "GLOBAL_TOP_COMPLEXITY"}}
{"time_budget_progress": {"completed_positions": 700, "total_positions": 1800, "pct": 0.3889, "elapsed_minutes": 106.35, "eta_minutes": 167.12, "selected_scope": "GLOBAL_TOP_COMPLEXITY"}}
{"time_budget_progress": {"completed_positions": 725, "total_positions": 1800, "pct": 0.4028, "elapsed_minutes": 110.43, "eta_minutes": 163.74, "selected_scope": "GLOBAL_TOP_COMPLEXITY"}}
{"time_budget_progress": {"completed_positions": 750, "total_positions": 1800, "pct": 0.4167, "elapsed_minutes": 114.51, "eta_minutes": 160.32, "selected_scope": "GLOBAL_TOP_COMPLEXITY"}}
{"time_budget_progress": {"completed_positions": 775, "total_positions": 1800, "pct": 0.4306, "elapsed_minutes": 118.6, "eta_minutes": 156.86, "selected_scope": "GLOBAL_TOP_COMPLEXITY"}}
{"time_budget_progress": {"completed_positions": 800, "total_positions": 1800, "pct": 0.4444, "elapsed_minutes": 121.36, "eta_minutes": 151.7, "selected_scope": "GLOBAL_TOP_COMPLEXITY"}}
{"time_budget_progress": {"completed_positions": 825, "total_positions": 1800, "pct": 0.4583, "elapsed_minutes": 125.44, "eta_minutes": 148.25, "selected_scope": "GLOBAL_TOP_COMPLEXITY"}}
{"time_budget_progress": {"completed_positions": 850, "total_positions": 1800, "pct": 0.4722, "elapsed_minutes": 129.52, "eta_minutes": 144.76, "selected_scope": "GLOBAL_TOP_COMPLEXITY"}}
{"time_budget_progress": {"completed_positions": 875, "total_positions": 1800, "pct": 0.4861, "elapsed_minutes": 133.6, "eta_minutes": 141.23, "selected_scope": "GLOBAL_TOP_COMPLEXITY"}}
{"time_budget_progress": {"completed_positions": 900, "total_positions": 1800, "pct": 0.5, "elapsed_minutes": 136.36, "eta_minutes": 136.36, "selected_scope": "GLOBAL_TOP_COMPLEXITY"}}
{"time_budget_progress": {"completed_positions": 925, "total_positions": 1800, "pct": 0.5139, "elapsed_minutes": 140.44, "eta_minutes": 132.85, "selected_scope": "GLOBAL_TOP_COMPLEXITY"}}
{"time_budget_progress": {"completed_positions": 950, "total_positions": 1800, "pct": 0.5278, "elapsed_minutes": 144.52, "eta_minutes": 129.3, "selected_scope": "GLOBAL_TOP_COMPLEXITY"}}
{"time_budget_progress": {"completed_positions": 975, "total_positions": 1800, "pct": 0.5417, "elapsed_minutes": 148.59, "eta_minutes": 125.73, "selected_scope": "GLOBAL_TOP_COMPLEXITY"}}
{"time_budget_progress": {"completed_positions": 1000, "total_positions": 1800, "pct": 0.5556, "elapsed_minutes": 152.68, "eta_minutes": 122.14, "selected_scope": "GLOBAL_TOP_COMPLEXITY"}}
{"time_budget_progress": {"completed_positions": 1025, "total_positions": 1800, "pct": 0.5694, "elapsed_minutes": 155.44, "eta_minutes": 117.53, "selected_scope": "GLOBAL_TOP_COMPLEXITY"}}
{"time_budget_progress": {"completed_positions": 1050, "total_positions": 1800, "pct": 0.5833, "elapsed_minutes": 159.52, "eta_minutes": 113.94, "selected_scope": "GLOBAL_TOP_COMPLEXITY"}}
{"time_budget_progress": {"completed_positions": 1075, "total_positions": 1800, "pct": 0.5972, "elapsed_minutes": 163.6, "eta_minutes": 110.33, "selected_scope": "GLOBAL_TOP_COMPLEXITY"}}
{"time_budget_progress": {"completed_positions": 1100, "total_positions": 1800, "pct": 0.6111, "elapsed_minutes": 167.68, "eta_minutes": 106.7, "selected_scope": "GLOBAL_TOP_COMPLEXITY"}}
{"time_budget_progress": {"completed_positions": 1125, "total_positions": 1800, "pct": 0.625, "elapsed_minutes": 170.45, "eta_minutes": 102.27, "selected_scope": "GLOBAL_TOP_COMPLEXITY"}}
{"time_budget_progress": {"completed_positions": 1150, "total_positions": 1800, "pct": 0.6389, "elapsed_minutes": 174.52, "eta_minutes": 98.64, "selected_scope": "GLOBAL_TOP_COMPLEXITY"}}
{"time_budget_progress": {"completed_positions": 1175, "total_positions": 1800, "pct": 0.6528, "elapsed_minutes": 178.6, "eta_minutes": 95.0, "selected_scope": "GLOBAL_TOP_COMPLEXITY"}}
{"time_budget_progress": {"completed_positions": 1200, "total_positions": 1800, "pct": 0.6667, "elapsed_minutes": 182.68, "eta_minutes": 91.34, "selected_scope": "GLOBAL_TOP_COMPLEXITY"}}
{"time_budget_progress": {"completed_positions": 1225, "total_positions": 1800, "pct": 0.6806, "elapsed_minutes": 186.76, "eta_minutes": 87.66, "selected_scope": "GLOBAL_TOP_COMPLEXITY"}}
{"time_budget_progress": {"completed_positions": 1250, "total_positions": 1800, "pct": 0.6944, "elapsed_minutes": 189.53, "eta_minutes": 83.39, "selected_scope": "GLOBAL_TOP_COMPLEXITY"}}
{"time_budget_progress": {"completed_positions": 1275, "total_positions": 1800, "pct": 0.7083, "elapsed_minutes": 193.6, "eta_minutes": 79.72, "selected_scope": "GLOBAL_TOP_COMPLEXITY"}}
{"time_budget_progress": {"completed_positions": 1300, "total_positions": 1800, "pct": 0.7222, "elapsed_minutes": 197.68, "eta_minutes": 76.03, "selected_scope": "GLOBAL_TOP_COMPLEXITY"}}
{"time_budget_progress": {"completed_positions": 1325, "total_positions": 1800, "pct": 0.7361, "elapsed_minutes": 201.76, "eta_minutes": 72.33, "selected_scope": "GLOBAL_TOP_COMPLEXITY"}}
{"time_budget_progress": {"completed_positions": 1350, "total_positions": 1800, "pct": 0.75, "elapsed_minutes": 204.53, "eta_minutes": 68.18, "selected_scope": "GLOBAL_TOP_COMPLEXITY"}}
{"time_budget_progress": {"completed_positions": 1375, "total_positions": 1800, "pct": 0.7639, "elapsed_minutes": 208.61, "eta_minutes": 64.48, "selected_scope": "GLOBAL_TOP_COMPLEXITY"}}
{"time_budget_progress": {"completed_positions": 1400, "total_positions": 1800, "pct": 0.7778, "elapsed_minutes": 212.68, "eta_minutes": 60.77, "selected_scope": "GLOBAL_TOP_COMPLEXITY"}}
{"time_budget_progress": {"completed_positions": 1425, "total_positions": 1800, "pct": 0.7917, "elapsed_minutes": 216.76, "eta_minutes": 57.04, "selected_scope": "GLOBAL_TOP_COMPLEXITY"}}
{"time_budget_progress": {"completed_positions": 1450, "total_positions": 1800, "pct": 0.8056, "elapsed_minutes": 220.84, "eta_minutes": 53.31, "selected_scope": "GLOBAL_TOP_COMPLEXITY"}}
{"time_budget_progress": {"completed_positions": 1475, "total_positions": 1800, "pct": 0.8194, "elapsed_minutes": 223.61, "eta_minutes": 49.27, "selected_scope": "GLOBAL_TOP_COMPLEXITY"}}
{"time_budget_progress": {"completed_positions": 1500, "total_positions": 1800, "pct": 0.8333, "elapsed_minutes": 227.68, "eta_minutes": 45.54, "selected_scope": "GLOBAL_TOP_COMPLEXITY"}}
{"time_budget_progress": {"completed_positions": 1525, "total_positions": 1800, "pct": 0.8472, "elapsed_minutes": 231.77, "eta_minutes": 41.79, "selected_scope": "GLOBAL_TOP_COMPLEXITY"}}
{"time_budget_progress": {"completed_positions": 1550, "total_positions": 1800, "pct": 0.8611, "elapsed_minutes": 235.84, "eta_minutes": 38.04, "selected_scope": "GLOBAL_TOP_COMPLEXITY"}}
{"time_budget_progress": {"completed_positions": 1575, "total_positions": 1800, "pct": 0.875, "elapsed_minutes": 238.61, "eta_minutes": 34.09, "selected_scope": "GLOBAL_TOP_COMPLEXITY"}}
{"time_budget_progress": {"completed_positions": 1600, "total_positions": 1800, "pct": 0.8889, "elapsed_minutes": 242.69, "eta_minutes": 30.34, "selected_scope": "GLOBAL_TOP_COMPLEXITY"}}
{"time_budget_progress": {"completed_positions": 1625, "total_positions": 1800, "pct": 0.9028, "elapsed_minutes": 246.76, "eta_minutes": 26.57, "selected_scope": "GLOBAL_TOP_COMPLEXITY"}}
{"time_budget_progress": {"completed_positions": 1650, "total_positions": 1800, "pct": 0.9167, "elapsed_minutes": 250.85, "eta_minutes": 22.8, "selected_scope": "GLOBAL_TOP_COMPLEXITY"}}
{"time_budget_progress": {"completed_positions": 1675, "total_positions": 1800, "pct": 0.9306, "elapsed_minutes": 254.92, "eta_minutes": 19.02, "selected_scope": "GLOBAL_TOP_COMPLEXITY"}}
{"time_budget_progress": {"completed_positions": 1700, "total_positions": 1800, "pct": 0.9444, "elapsed_minutes": 257.69, "eta_minutes": 15.16, "selected_scope": "GLOBAL_TOP_COMPLEXITY"}}
{"time_budget_progress": {"completed_positions": 1725, "total_positions": 1800, "pct": 0.9583, "elapsed_minutes": 261.77, "eta_minutes": 11.38, "selected_scope": "GLOBAL_TOP_COMPLEXITY"}}
{"time_budget_progress": {"completed_positions": 1750, "total_positions": 1800, "pct": 0.9722, "elapsed_minutes": 265.85, "eta_minutes": 7.6, "selected_scope": "GLOBAL_TOP_COMPLEXITY"}}
{"time_budget_progress": {"completed_positions": 1775, "total_positions": 1800, "pct": 0.9861, "elapsed_minutes": 269.93, "eta_minutes": 3.8, "selected_scope": "GLOBAL_TOP_COMPLEXITY"}}
{"time_budget_progress": {"completed_positions": 1800, "total_positions": 1800, "pct": 1.0, "elapsed_minutes": 272.69, "eta_minutes": 0.0, "selected_scope": "GLOBAL_TOP_COMPLEXITY"}}
{
  "generated_at": "2026-05-10T04:11:37.200776+00:00",
  "config_path": "/Users/jialinzhang/Documents/Chess/Complexity_Idea/chess-complexity-full-test/configs/experiments/stockfish_time_budget_sweep_overnight_1800.yaml",
  "position_scores_csv": "/Users/jialinzhang/Documents/Chess/Complexity_Idea/chess-complexity-full-test/outputs/runs/20260509_balanced_100_games/step_07_complexity_scoring/complexity/position_scores.csv",
  "parsed_positions_csv": "/Users/jialinzhang/Documents/Chess/Complexity_Idea/chess-complexity-full-test/outputs/runs/20260509_balanced_100_games/step_04_parse_filter/parsed/positions.csv",
  "analysis_id": "20260510_stockfish_time_budget_overnight_1800",
  "selected_game_id": "GLOBAL_TOP_COMPLEXITY",
  "game_label": "Top 1800 high-complexity positions across all games",
  "selected_position_count": 1800,
  "budget_count": 6,
  "budgets_ms": [
    50,
    200,
    1000,
    5000,
    15000,
    60000
  ],
  "parallel": {
    "max_workers": 9,
    "stockfish_threads_per_worker": 1,
    "multipv": 10
  },
  "position_ids": [
    "KT3Ooz7O_ply_34",
    "KkAWuXpl_ply_42",
    "j83hSepE_ply_50",
    "KT3Ooz7O_ply_36",
    "j8z7XEws_ply_38",
    "Nxva2Kr3_ply_31",
    "j83hSepE_ply_22",
    "V6hR1cp3_ply_44",
    "rB9nsFce_ply_31",
    "4hP4UqNB_ply_39",
    "7DOMDObe_ply_45",
    "bRZqybLN_ply_42",
    "cg6KIugn_ply_49",
    "v1ofntdB_ply_47",
    "rPff1hDs_ply_19",
    "7DOMDObe_ply_26",
    "7DOMDObe_ply_44",
    "IECZqCHk_ply_23",
    "IGiGGnz5_ply_18",
    "XtpsyD6Q_ply_32",
    "iRKdpzfA_ply_29",
    "IECZqCHk_ply_31",
    "168VjK8g_ply_41",
    "XihfAk9F_ply_25",
    "XtpsyD6Q_ply_33",
    "tiUoqkJo_ply_27",
    "168VjK8g_ply_19",
    "5NtMrs6m_ply_46",
    "IECZqCHk_ply_27",
    "cg6KIugn_ply_33",
    "gDCCYaOt_ply_32",
    "rPff1hDs_ply_40",
    "u3ENT7qN_ply_40",
    "26gJfeNj_ply_42",
    "7czlfwXV_ply_26",
    "8aqmu3Cg_ply_23",
    "KT3Ooz7O_ply_37",
    "VkkkaCH1_ply_26",
    "cARsBeta_ply_20",
    "r6Kl5KNI_ply_32",
    "168VjK8g_ply_20",
    "4hP4UqNB_ply_30",
    "78cIwkOb_ply_29",
    "IGiGGnz5_ply_19",
    "XtpsyD6Q_ply_58",
    "cokPKWIL_ply_23",
    "hi4UI0KC_ply_31",
    "03jEUl79_ply_51",
    "EaxPgpbL_ply_28",
    "QCADORdU_ply_48",
    "j83hSepE_ply_51",
    "jZz3HX4t_ply_47",
    "PDKy7kxf_ply_40",
    "V6hR1cp3_ply_40",
    "XihfAk9F_ply_31",
    "bRZqybLN_ply_43",
    "eFTG0E89_ply_22",
    "j83hSepE_ply_52",
    "pa0jXXLk_ply_37",
    "r6Kl5KNI_ply_54",
    "168VjK8g_ply_45",
    "EaxPgpbL_ply_27",
    "J2sKeYqr_ply_33",
    "Nxva2Kr3_ply_18",
    "Nxva2Kr3_ply_32",
    "PDKy7kxf_ply_38",
    "WvOMOsMU_ply_18",
    "cokPKWIL_ply_30",
    "j8z7XEws_ply_25",
    "kEI48UY8_ply_18",
    "v1ofntdB_ply_35",
    "w4EUR2k3_ply_23",
    "ylqLYHEn_ply_18",
    "26gJfeNj_ply_41",
    "4hP4UqNB_ply_26",
    "5NtMrs6m_ply_55",
    "NMpl1Q91_ply_38",
    "Nxva2Kr3_ply_19",
    "QCADORdU_ply_34",
    "pBhtiTPk_ply_21",
    "rPff1hDs_ply_44",
    "03jEUl79_ply_48",
    "26gJfeNj_ply_21",
    "FaVGVd6v_ply_18",
    "IECZqCHk_ply_21",
    "KT3Ooz7O_ply_45",
    "Nxva2Kr3_ply_47",
    "QCADORdU_ply_31",
    "JiHRu87M_ply_31",
    "PDKy7kxf_ply_39",
    "cg6KIugn_ply_56",
    "gDCCYaOt_ply_22",
    "r6Kl5KNI_ply_53",
    "rRLPWs6W_ply_36",
    "u3ENT7qN_ply_42",
    "03jEUl79_ply_28",
    "1maOz6rR_ply_25",
    "H4EeXM1c_ply_18",
    "IECZqCHk_ply_26",
    "IECZqCHk_ply_56",
    "JiHRu87M_ply_30",
    "NMpl1Q91_ply_58",
    "PDKy7kxf_ply_30",
    "X0208hWs_ply_45",
    "XihfAk9F_ply_56",
    "w4EUR2k3_ply_18",
    "1BvsaCXf_ply_34",
    "26gJfeNj_ply_22",
    "4hP4UqNB_ply_53",
    "7DOMDObe_ply_20",
    "7DOMDObe_ply_35",
    "7vZtHfl1_ply_43",
    "I2aoxzaO_ply_24",
    "KT3Ooz7O_ply_35",
    "KkAWuXpl_ply_38",
    "LPcYNfPc_ply_39",
    "NMpl1Q91_ply_37",
    "TZMvlJ3H_ply_18",
    "XtpsyD6Q_ply_28",
    "XtpsyD6Q_ply_43",
    "bRZqybLN_ply_58",
    "jZz3HX4t_ply_56",
    "kEI48UY8_ply_46",
    "rB9nsFce_ply_41",
    "w4EUR2k3_ply_39",
    "yMmTCp4q_ply_20",
    "yMmTCp4q_ply_41",
    "168VjK8g_ply_42",
    "1BvsaCXf_ply_33",
    "5NtMrs6m_ply_47",
    "5NtMrs6m_ply_52",
    "84Cd8SoV_ply_18",
    "8aqmu3Cg_ply_43",
    "EaxPgpbL_ply_46",
    "MHuW1ufQ_ply_21",
    "QCADORdU_ply_20",
    "XtpsyD6Q_ply_22",
    "XtpsyD6Q_ply_59",
    "cokPKWIL_ply_21",
    "gDCCYaOt_ply_49",
    "j83hSepE_ply_21",
    "jk5AweNR_ply_45",
    "pBhtiTPk_ply_26",
    "smsBfSdW_ply_53",
    "v1ofntdB_ply_20",
    "z31P1uww_ply_18",
    "z31P1uww_ply_42",
    "03jEUl79_ply_19",
    "168VjK8g_ply_27",
    "26gJfeNj_ply_18",
    "3aAGFWpD_ply_28",
    "4hP4UqNB_ply_54",
    "7czlfwXV_ply_33",
    "7oSDtcIL_ply_23",
    "8wxAmtWt_ply_21",
    "FaVGVd6v_ply_20",
    "FaVGVd6v_ply_47",
    "IshC5SvL_ply_42",
    "KkAWuXpl_ply_39",
    "KkAWuXpl_ply_43",
    "LNpy10TS_ply_24",
    "LPcYNfPc_ply_21",
    "QBp2KjS5_ply_30",
    "QCADORdU_ply_35",
    "XtpsyD6Q_ply_57",
    "cokPKWIL_ply_22",
    "gDCCYaOt_ply_51",
    "iRKdpzfA_ply_34",
    "jZz3HX4t_ply_51",
    "r6Kl5KNI_ply_52",
    "zeY9HYzm_ply_46",
    "1GmB6Cbp_ply_41",
    "1maOz6rR_ply_41",
    "26gJfeNj_ply_30",
    "4XFz8QWx_ply_42",
    "4hP4UqNB_ply_25",
    "70weslQ5_ply_18",
    "8aqmu3Cg_ply_24",
    "8wxAmtWt_ply_29",
    "IshC5SvL_ply_40",
    "IshC5SvL_ply_43",
    "KT3Ooz7O_ply_30",
    "KkAWuXpl_ply_41",
    "LNpy10TS_ply_21",
    "LNpy10TS_ply_44",
    "LPcYNfPc_ply_38",
    "NMpl1Q91_ply_29",
    "TZMvlJ3H_ply_38",
    "X5WAjlVb_ply_25",
    "cg6KIugn_ply_53",
    "gDCCYaOt_ply_50",
    "j83hSepE_ply_35",
    "jk5AweNR_ply_49",
    "st34Nca0_ply_22",
    "tNNQEMVj_ply_46",
    "xvIm2G9T_ply_21",
    "168VjK8g_ply_21",
    "7DOMDObe_ply_41",
    "FaVGVd6v_ply_41",
    "FaVGVd6v_ply_59",
    "KT3Ooz7O_ply_51",
    "LNpy10TS_ply_52",
    "NMpl1Q91_ply_41",
    "Nxva2Kr3_ply_50",
    "QBp2KjS5_ply_21",
    "TR3LdU0X_ply_19",
    "V6hR1cp3_ply_51",
    "VkkkaCH1_ply_58",
    "bRZqybLN_ply_33",
    "kEI48UY8_ply_19",
    "rB9nsFce_ply_39",
    "st34Nca0_ply_24",
    "v1ofntdB_ply_36",
    "vJZwINTd_ply_34",
    "zeY9HYzm_ply_35",
    "119kM9Xj_ply_18",
    "11eseza2_ply_31",
    "26gJfeNj_ply_20",
    "4XFz8QWx_ply_21",
    "4hP4UqNB_ply_33",
    "78cIwkOb_ply_57",
    "7DOMDObe_ply_21",
    "IECZqCHk_ply_19",
    "NMpl1Q91_ply_22",
    "NMpl1Q91_ply_57",
    "XtpsyD6Q_ply_29",
    "cg6KIugn_ply_20",
    "cg6KIugn_ply_38",
    "cg6KIugn_ply_57",
    "cokPKWIL_ply_29",
    "gDCCYaOt_ply_18",
    "j83hSepE_ply_49",
    "j83hSepE_ply_56",
    "oka1HHo3_ply_37",
    "pBhtiTPk_ply_47",
    "rB9nsFce_ply_26",
    "rPff1hDs_ply_42",
    "u3ENT7qN_ply_29",
    "v1ofntdB_ply_18",
    "yMmTCp4q_ply_21",
    "yMmTCp4q_ply_40",
    "z31P1uww_ply_54",
    "03jEUl79_ply_50",
    "55UlGeb9_ply_44",
    "5NtMrs6m_ply_57",
    "7vZtHfl1_ply_51",
    "IshC5SvL_ply_39",
    "KKcZZq4o_ply_20",
    "Nxva2Kr3_ply_35",
    "QBp2KjS5_ply_19",
    "QCADORdU_ply_18",
    "V6hR1cp3_ply_38",
    "X0208hWs_ply_30",
    "XihfAk9F_ply_33",
    "XtpsyD6Q_ply_21",
    "XtpsyD6Q_ply_27",
    "iRKdpzfA_ply_20",
    "iisMHDxb_ply_38",
    "j83hSepE_ply_53",
    "j8z7XEws_ply_27",
    "jk5AweNR_ply_56",
    "kEI48UY8_ply_20",
    "lyzMcwW0_ply_52",
    "r6Kl5KNI_ply_51",
    "rPff1hDs_ply_43",
    "rRLPWs6W_ply_35",
    "st34Nca0_ply_36",
    "tiUoqkJo_ply_37",
    "u3ENT7qN_ply_39",
    "u3ENT7qN_ply_54",
    "11eseza2_ply_43",
    "4hP4UqNB_ply_32",
    "4hP4UqNB_ply_40",
    "5NtMrs6m_ply_54",
    "EaxPgpbL_ply_45",
    "IECZqCHk_ply_20",
    "KkAWuXpl_ply_33",
    "LNpy10TS_ply_35",
    "NMpl1Q91_ply_31",
    "OFUgj2iX_ply_31",
    "QBp2KjS5_ply_20",
    "TZMvlJ3H_ply_29",
    "V6hR1cp3_ply_45",
    "V6hR1cp3_ply_50",
    "VkkkaCH1_ply_22",
    "VkkkaCH1_ply_24",
    "XihfAk9F_ply_24",
    "XihfAk9F_ply_47",
    "cg6KIugn_ply_39",
    "cokPKWIL_ply_31",
    "iisMHDxb_ply_24",
    "j83hSepE_ply_55",
    "j8z7XEws_ply_39",
    "kEI48UY8_ply_21",
    "kEI48UY8_ply_22",
    "rB9nsFce_ply_23",
    "rB9nsFce_ply_42",
    "rPff1hDs_ply_39",
    "v1ofntdB_ply_34",
    "yMmTCp4q_ply_22",
    "168VjK8g_ply_37",
    "1maOz6rR_ply_33",
    "26gJfeNj_ply_35",
    "3aAGFWpD_ply_45",
    "4XFz8QWx_ply_43",
    "4hP4UqNB_ply_31",
    "78cIwkOb_ply_28",
    "7DOMDObe_ply_18",
    "7czlfwXV_ply_31",
    "7oSDtcIL_ply_22",
    "8aqmu3Cg_ply_51",
    "EaxPgpbL_ply_42",
    "FaVGVd6v_ply_27",
    "FaVGVd6v_ply_58",
    "H4EeXM1c_ply_48",
    "IECZqCHk_ply_22",
    "IshC5SvL_ply_41",
    "JiHRu87M_ply_23",
    "KT3Ooz7O_ply_31",
    "KkAWuXpl_ply_45",
    "PDKy7kxf_ply_46",
    "TR3LdU0X_ply_44",
    "TZMvlJ3H_ply_39",
    "VkkkaCH1_ply_21",
    "eFTG0E89_ply_23",
    "eFTG0E89_ply_45",
    "h9Pz2Xue_ply_19",
    "j83hSepE_ply_48",
    "j83hSepE_ply_57",
    "jZz3HX4t_ply_43",
    "jZz3HX4t_ply_58",
    "jk5AweNR_ply_36",
    "pa0jXXLk_ply_46",
    "smsBfSdW_ply_25",
    "tNNQEMVj_ply_26",
    "tNNQEMVj_ply_27",
    "vJZwINTd_ply_35",
    "veVp8V7Y_ply_55",
    "xvIm2G9T_ply_44",
    "z31P1uww_ply_19",
    "z31P1uww_ply_20",
    "z31P1uww_ply_55",
    "11eseza2_ply_25",
    "11eseza2_ply_44",
    "168VjK8g_ply_22",
    "168VjK8g_ply_44",
    "1BvsaCXf_ply_40",
    "1maOz6rR_ply_28",
    "4XFz8QWx_ply_29",
    "4XFz8QWx_ply_46",
    "4XFz8QWx_ply_47",
    "4XFz8QWx_ply_48",
    "5NtMrs6m_ply_38",
    "5NtMrs6m_ply_44",
    "7vZtHfl1_ply_30",
    "7vZtHfl1_ply_45",
    "J2sKeYqr_ply_32",
    "JiHRu87M_ply_24",
    "KKcZZq4o_ply_21",
    "LPcYNfPc_ply_20",
    "NMpl1Q91_ply_42",
    "PDKy7kxf_ply_33",
    "PDKy7kxf_ply_37",
    "QCADORdU_ply_28",
    "TZMvlJ3H_ply_22",
    "TZMvlJ3H_ply_28",
    "V6hR1cp3_ply_48",
    "VkkkaCH1_ply_25",
    "X0208hWs_ply_31",
    "XtpsyD6Q_ply_18",
    "XtpsyD6Q_ply_34",
    "cg6KIugn_ply_34",
    "eFTG0E89_ply_47",
    "gDCCYaOt_ply_19",
    "gDCCYaOt_ply_34",
    "gDCCYaOt_ply_57",
    "iRKdpzfA_ply_32",
    "j83hSepE_ply_20",
    "j83hSepE_ply_54",
    "jZz3HX4t_ply_52",
    "jk5AweNR_ply_50",
    "kEI48UY8_ply_47",
    "pa0jXXLk_ply_23",
    "rB9nsFce_ply_47",
    "tNNQEMVj_ply_25",
    "veVp8V7Y_ply_24",
    "w4EUR2k3_ply_56",
    "ylqLYHEn_ply_19",
    "ylqLYHEn_ply_25",
    "03jEUl79_ply_31",
    "11eseza2_ply_18",
    "11eseza2_ply_29",
    "11eseza2_ply_36",
    "1GmB6Cbp_ply_31",
    "26gJfeNj_ply_25",
    "26gJfeNj_ply_58",
    "3aAGFWpD_ply_46",
    "78cIwkOb_ply_37",
    "7DOMDObe_ply_37",
    "7czlfwXV_ply_32",
    "7oSDtcIL_ply_19",
    "7oSDtcIL_ply_21",
    "7oSDtcIL_ply_26",
    "7oSDtcIL_ply_32",
    "8aqmu3Cg_ply_32",
    "EaxPgpbL_ply_57",
    "FaVGVd6v_ply_44",
    "H4EeXM1c_ply_27",
    "IshC5SvL_ply_21",
    "KKcZZq4o_ply_28",
    "KT3Ooz7O_ply_26",
    "KT3Ooz7O_ply_39",
    "LNpy10TS_ply_57",
    "LPcYNfPc_ply_33",
    "Nxva2Kr3_ply_36",
    "OFUgj2iX_ply_19",
    "PDKy7kxf_ply_45",
    "TZMvlJ3H_ply_37",
    "WvOMOsMU_ply_36",
    "X5WAjlVb_ply_24",
    "cokPKWIL_ply_33",
    "gDCCYaOt_ply_36",
    "iRKdpzfA_ply_30",
    "kEI48UY8_ply_43",
    "m7jE9AXj_ply_46",
    "pa0jXXLk_ply_35",
    "r6Kl5KNI_ply_33",
    "r6Kl5KNI_ply_40",
    "rB9nsFce_ply_28",
    "rRLPWs6W_ply_44",
    "smsBfSdW_ply_28",
    "tNNQEMVj_ply_31",
    "u3ENT7qN_ply_45",
    "uuuBMT72_ply_21",
    "uuuBMT72_ply_23",
    "v1ofntdB_ply_48",
    "veVp8V7Y_ply_46",
    "veVp8V7Y_ply_54",
    "z31P1uww_ply_31",
    "1BvsaCXf_ply_35",
    "1GmB6Cbp_ply_29",
    "1maOz6rR_ply_38",
    "26gJfeNj_ply_55",
    "4XFz8QWx_ply_30",
    "4hP4UqNB_ply_18",
    "4hP4UqNB_ply_44",
    "4hP4UqNB_ply_57",
    "5NtMrs6m_ply_32",
    "70weslQ5_ply_28",
    "7DOMDObe_ply_29",
    "84Cd8SoV_ply_29",
    "EaxPgpbL_ply_21",
    "EaxPgpbL_ply_24",
    "FaVGVd6v_ply_43",
    "IECZqCHk_ply_30",
    "IGiGGnz5_ply_31",
    "IGiGGnz5_ply_34",
    "IshC5SvL_ply_18",
    "JiHRu87M_ply_48",
    "KKcZZq4o_ply_22",
    "LNpy10TS_ply_37",
    "NMpl1Q91_ply_56",
    "Nxva2Kr3_ply_34",
    "PDKy7kxf_ply_31",
    "TR3LdU0X_ply_39",
    "XihfAk9F_ply_48",
    "XtpsyD6Q_ply_40",
    "bRZqybLN_ply_59",
    "cokPKWIL_ply_52",
    "eFTG0E89_ply_44",
    "h9Pz2Xue_ply_18",
    "hi4UI0KC_ply_39",
    "jk5AweNR_ply_26",
    "lyzMcwW0_ply_43",
    "oka1HHo3_ply_30",
    "oka1HHo3_ply_39",
    "p65frETO_ply_24",
    "pBhtiTPk_ply_40",
    "pa0jXXLk_ply_31",
    "rPff1hDs_ply_41",
    "rPff1hDs_ply_50",
    "rRLPWs6W_ply_25",
    "rRLPWs6W_ply_42",
    "rRLPWs6W_ply_52",
    "st34Nca0_ply_37",
    "v1ofntdB_ply_55",
    "v1ofntdB_ply_56",
    "w4EUR2k3_ply_24",
    "w4EUR2k3_ply_47",
    "z31P1uww_ply_21",
    "03jEUl79_ply_59",
    "1BvsaCXf_ply_23",
    "1maOz6rR_ply_34",
    "1maOz6rR_ply_49",
    "26gJfeNj_ply_40",
    "3aAGFWpD_ply_32",
    "3aAGFWpD_ply_37",
    "55UlGeb9_ply_29",
    "5NtMrs6m_ply_33",
    "5NtMrs6m_ply_53",
    "7czlfwXV_ply_27",
    "7oSDtcIL_ply_47",
    "7vZtHfl1_ply_28",
    "8wxAmtWt_ply_34",
    "FaVGVd6v_ply_23",
    "FaVGVd6v_ply_54",
    "H4EeXM1c_ply_25",
    "IECZqCHk_ply_35",
    "IGiGGnz5_ply_20",
    "IshC5SvL_ply_34",
    "JiHRu87M_ply_19",
    "JiHRu87M_ply_42",
    "KKcZZq4o_ply_25",
    "LPcYNfPc_ply_19",
    "PDKy7kxf_ply_41",
    "PDKy7kxf_ply_43",
    "QBp2KjS5_ply_24",
    "QCADORdU_ply_30",
    "V6hR1cp3_ply_18",
    "WvOMOsMU_ply_39",
    "X0208hWs_ply_55",
    "XihfAk9F_ply_30",
    "XihfAk9F_ply_54",
    "XihfAk9F_ply_59",
    "bRZqybLN_ply_26",
    "cg6KIugn_ply_28",
    "eFTG0E89_ply_27",
    "eFTG0E89_ply_46",
    "gDCCYaOt_ply_31",
    "iisMHDxb_ply_34",
    "j83hSepE_ply_32",
    "jZz3HX4t_ply_34",
    "jZz3HX4t_ply_35",
    "jZz3HX4t_ply_46",
    "jZz3HX4t_ply_55",
    "oHfoyoNT_ply_19",
    "oka1HHo3_ply_23",
    "p65frETO_ply_27",
    "pa0jXXLk_ply_30",
    "r6Kl5KNI_ply_20",
    "rB9nsFce_ply_45",
    "tNNQEMVj_ply_42",
    "tiUoqkJo_ply_45",
    "uuuBMT72_ply_42",
    "veVp8V7Y_ply_25",
    "w4EUR2k3_ply_55",
    "zeY9HYzm_ply_45",
    "03jEUl79_ply_56",
    "119kM9Xj_ply_34",
    "11eseza2_ply_32",
    "1GmB6Cbp_ply_44",
    "3aAGFWpD_ply_26",
    "55UlGeb9_ply_23",
    "55UlGeb9_ply_32",
    "55UlGeb9_ply_33",
    "5NtMrs6m_ply_29",
    "5NtMrs6m_ply_42",
    "70weslQ5_ply_34",
    "7czlfwXV_ply_22",
    "7oSDtcIL_ply_33",
    "7vZtHfl1_ply_18",
    "84Cd8SoV_ply_57",
    "8aqmu3Cg_ply_59",
    "EaxPgpbL_ply_29",
    "FaVGVd6v_ply_26",
    "H4EeXM1c_ply_30",
    "H4EeXM1c_ply_46",
    "IECZqCHk_ply_18",
    "IGiGGnz5_ply_33",
    "LPcYNfPc_ply_31",
    "LPcYNfPc_ply_32",
    "LPcYNfPc_ply_40",
    "NMpl1Q91_ply_23",
    "NMpl1Q91_ply_43",
    "Nxva2Kr3_ply_20",
    "PDKy7kxf_ply_34",
    "PDKy7kxf_ply_36",
    "WvOMOsMU_ply_26",
    "X0208hWs_ply_46",
    "cg6KIugn_ply_54",
    "cg6KIugn_ply_58",
    "eFTG0E89_ply_40",
    "gDCCYaOt_ply_56",
    "h9Pz2Xue_ply_22",
    "hi4UI0KC_ply_33",
    "iisMHDxb_ply_39",
    "jZz3HX4t_ply_22",
    "jZz3HX4t_ply_30",
    "jZz3HX4t_ply_37",
    "jZz3HX4t_ply_48",
    "kEI48UY8_ply_48",
    "kEI48UY8_ply_55",
    "oHfoyoNT_ply_26",
    "r6Kl5KNI_ply_21",
    "rPff1hDs_ply_26",
    "rPff1hDs_ply_49",
    "u3ENT7qN_ply_27",
    "u3ENT7qN_ply_59",
    "uuuBMT72_ply_27",
    "uuuBMT72_ply_53",
    "veVp8V7Y_ply_27",
    "w4EUR2k3_ply_40",
    "w4EUR2k3_ply_57",
    "z31P1uww_ply_58",
    "03jEUl79_ply_22",
    "03jEUl79_ply_36",
    "119kM9Xj_ply_26",
    "119kM9Xj_ply_41",
    "168VjK8g_ply_38",
    "26gJfeNj_ply_27",
    "3aAGFWpD_ply_29",
    "4hP4UqNB_ply_22",
    "4hP4UqNB_ply_38",
    "55UlGeb9_ply_42",
    "5NtMrs6m_ply_28",
    "5NtMrs6m_ply_37",
    "78cIwkOb_ply_27",
    "78cIwkOb_ply_35",
    "78cIwkOb_ply_50",
    "7oSDtcIL_ply_59",
    "8aqmu3Cg_ply_40",
    "8aqmu3Cg_ply_46",
    "EaxPgpbL_ply_18",
    "IECZqCHk_ply_37",
    "J2sKeYqr_ply_27",
    "JiHRu87M_ply_29",
    "KT3Ooz7O_ply_28",
    "KT3Ooz7O_ply_38",
    "KT3Ooz7O_ply_44",
    "LNpy10TS_ply_51",
    "LPcYNfPc_ply_18",
    "MHuW1ufQ_ply_20",
    "PDKy7kxf_ply_28",
    "QCADORdU_ply_27",
    "QCADORdU_ply_42",
    "QCADORdU_ply_49",
    "X0208hWs_ply_44",
    "XihfAk9F_ply_32",
    "XihfAk9F_ply_49",
    "cg6KIugn_ply_48",
    "cg6KIugn_ply_50",
    "iisMHDxb_ply_30",
    "jZz3HX4t_ply_57",
    "oHfoyoNT_ply_20",
    "oHfoyoNT_ply_34",
    "oka1HHo3_ply_46",
    "smsBfSdW_ply_39",
    "st34Nca0_ply_27",
    "tNNQEMVj_ply_30",
    "u3ENT7qN_ply_43",
    "veVp8V7Y_ply_26",
    "veVp8V7Y_ply_35",
    "w4EUR2k3_ply_28",
    "yMmTCp4q_ply_27",
    "yMmTCp4q_ply_28",
    "z31P1uww_ply_50",
    "zeY9HYzm_ply_43",
    "03jEUl79_ply_30",
    "119kM9Xj_ply_25",
    "11eseza2_ply_24",
    "11eseza2_ply_30",
    "168VjK8g_ply_39",
    "1BvsaCXf_ply_32",
    "1GmB6Cbp_ply_37",
    "1maOz6rR_ply_29",
    "26gJfeNj_ply_23",
    "3aAGFWpD_ply_39",
    "3aAGFWpD_ply_42",
    "4hP4UqNB_ply_56",
    "55UlGeb9_ply_25",
    "5NtMrs6m_ply_20",
    "70weslQ5_ply_45",
    "7vZtHfl1_ply_29",
    "84Cd8SoV_ply_27",
    "84Cd8SoV_ply_44",
    "8wxAmtWt_ply_37",
    "H4EeXM1c_ply_47",
    "IECZqCHk_ply_29",
    "IGiGGnz5_ply_21",
    "IshC5SvL_ply_33",
    "IshC5SvL_ply_38",
    "J2sKeYqr_ply_24",
    "J2sKeYqr_ply_26",
    "KkAWuXpl_ply_36",
    "LPcYNfPc_ply_36",
    "QBp2KjS5_ply_29",
    "QCADORdU_ply_32",
    "QCADORdU_ply_47",
    "V6hR1cp3_ply_41",
    "V6hR1cp3_ply_43",
    "VkkkaCH1_ply_33",
    "VkkkaCH1_ply_42",
    "WvOMOsMU_ply_27",
    "XihfAk9F_ply_57",
    "XihfAk9F_ply_58",
    "bRZqybLN_ply_29",
    "cg6KIugn_ply_23",
    "eFTG0E89_ply_28",
    "hi4UI0KC_ply_22",
    "hi4UI0KC_ply_23",
    "hi4UI0KC_ply_38",
    "iRKdpzfA_ply_40",
    "iisMHDxb_ply_23",
    "j83hSepE_ply_26",
    "j83hSepE_ply_39",
    "jk5AweNR_ply_19",
    "lyzMcwW0_ply_26",
    "oka1HHo3_ply_19",
    "pBhtiTPk_ply_35",
    "pa0jXXLk_ply_36",
    "rPff1hDs_ply_54",
    "rRLPWs6W_ply_34",
    "rRLPWs6W_ply_38",
    "rRLPWs6W_ply_39",
    "rRLPWs6W_ply_57",
    "smsBfSdW_ply_36",
    "smsBfSdW_ply_37",
    "st34Nca0_ply_56",
    "uuuBMT72_ply_18",
    "yMmTCp4q_ply_29",
    "zeY9HYzm_ply_19",
    "zeY9HYzm_ply_53",
    "119kM9Xj_ply_38",
    "11eseza2_ply_20",
    "11eseza2_ply_27",
    "11eseza2_ply_35",
    "11eseza2_ply_38",
    "11eseza2_ply_40",
    "1BvsaCXf_ply_22",
    "3aAGFWpD_ply_40",
    "4hP4UqNB_ply_27",
    "4hP4UqNB_ply_37",
    "55UlGeb9_ply_35",
    "5NtMrs6m_ply_56",
    "70weslQ5_ply_20",
    "7DOMDObe_ply_25",
    "7DOMDObe_ply_27",
    "7DOMDObe_ply_28",
    "7oSDtcIL_ply_37",
    "8wxAmtWt_ply_27",
    "EaxPgpbL_ply_50",
    "FaVGVd6v_ply_56",
    "H4EeXM1c_ply_22",
    "H4EeXM1c_ply_28",
    "H4EeXM1c_ply_29",
    "I2aoxzaO_ply_25",
    "IECZqCHk_ply_48",
    "IECZqCHk_ply_53",
    "IshC5SvL_ply_37",
    "J2sKeYqr_ply_29",
    "KKcZZq4o_ply_26",
    "KKcZZq4o_ply_29",
    "KkAWuXpl_ply_37",
    "LNpy10TS_ply_55",
    "NMpl1Q91_ply_27",
    "Nxva2Kr3_ply_46",
    "OFUgj2iX_ply_23",
    "PDKy7kxf_ply_29",
    "QBp2KjS5_ply_27",
    "QCADORdU_ply_46",
    "V6hR1cp3_ply_21",
    "V6hR1cp3_ply_35",
    "V6hR1cp3_ply_36",
    "X0208hWs_ply_54",
    "XihfAk9F_ply_23",
    "XtpsyD6Q_ply_37",
    "XtpsyD6Q_ply_41",
    "cARsBeta_ply_21",
    "gDCCYaOt_ply_33",
    "iRKdpzfA_ply_45",
    "j8z7XEws_ply_28",
    "jk5AweNR_ply_21",
    "jk5AweNR_ply_28",
    "jk5AweNR_ply_47",
    "jk5AweNR_ply_53",
    "lyzMcwW0_ply_18",
    "lyzMcwW0_ply_30",
    "p65frETO_ply_45",
    "pa0jXXLk_ply_25",
    "r6Kl5KNI_ply_50",
    "rB9nsFce_ply_24",
    "rB9nsFce_ply_30",
    "rB9nsFce_ply_40",
    "rB9nsFce_ply_44",
    "rRLPWs6W_ply_23",
    "rRLPWs6W_ply_45",
    "rRLPWs6W_ply_46",
    "smsBfSdW_ply_22",
    "smsBfSdW_ply_42",
    "st34Nca0_ply_34",
    "tNNQEMVj_ply_45",
    "uuuBMT72_ply_24",
    "uuuBMT72_ply_34",
    "v1ofntdB_ply_54",
    "v1ofntdB_ply_58",
    "vJZwINTd_ply_21",
    "vJZwINTd_ply_37",
    "veVp8V7Y_ply_33",
    "z31P1uww_ply_22",
    "z31P1uww_ply_53",
    "z31P1uww_ply_57",
    "zeY9HYzm_ply_40",
    "zeY9HYzm_ply_42",
    "03jEUl79_ply_38",
    "119kM9Xj_ply_19",
    "11eseza2_ply_19",
    "168VjK8g_ply_23",
    "1BvsaCXf_ply_36",
    "1GmB6Cbp_ply_34",
    "1GmB6Cbp_ply_35",
    "1GmB6Cbp_ply_42",
    "1maOz6rR_ply_40",
    "26gJfeNj_ply_59",
    "4XFz8QWx_ply_24",
    "4XFz8QWx_ply_45",
    "55UlGeb9_ply_27",
    "55UlGeb9_ply_30",
    "55UlGeb9_ply_45",
    "5NtMrs6m_ply_24",
    "5NtMrs6m_ply_45",
    "5NtMrs6m_ply_58",
    "78cIwkOb_ply_36",
    "7DOMDObe_ply_42",
    "8aqmu3Cg_ply_26",
    "8aqmu3Cg_ply_31",
    "EaxPgpbL_ply_51",
    "FaVGVd6v_ply_34",
    "IECZqCHk_ply_34",
    "IECZqCHk_ply_49",
    "IGiGGnz5_ply_22",
    "J2sKeYqr_ply_22",
    "J2sKeYqr_ply_28",
    "J2sKeYqr_ply_42",
    "J2sKeYqr_ply_43",
    "JiHRu87M_ply_27",
    "LNpy10TS_ply_20",
    "LNpy10TS_ply_25",
    "LNpy10TS_ply_27",
    "LNpy10TS_ply_50",
    "LNpy10TS_ply_56",
    "Nxva2Kr3_ply_27",
    "OFUgj2iX_ply_27",
    "TR3LdU0X_ply_28",
    "TZMvlJ3H_ply_19",
    "V6hR1cp3_ply_49",
    "V6hR1cp3_ply_55",
    "VkkkaCH1_ply_56",
    "XihfAk9F_ply_28",
    "XtpsyD6Q_ply_23",
    "XtpsyD6Q_ply_38",
    "gDCCYaOt_ply_20",
    "hi4UI0KC_ply_36",
    "iRKdpzfA_ply_28",
    "iisMHDxb_ply_37",
    "j8z7XEws_ply_19",
    "kEI48UY8_ply_34",
    "pBhtiTPk_ply_32",
    "pBhtiTPk_ply_52",
    "rB9nsFce_ply_33",
    "rPff1hDs_ply_20",
    "rRLPWs6W_ply_30",
    "smsBfSdW_ply_18",
    "tNNQEMVj_ply_20",
    "tNNQEMVj_ply_40",
    "tiUoqkJo_ply_46",
    "u3ENT7qN_ply_41",
    "uuuBMT72_ply_46",
    "v1ofntdB_ply_49",
    "veVp8V7Y_ply_38",
    "w4EUR2k3_ply_42",
    "z31P1uww_ply_23",
    "z31P1uww_ply_29",
    "z31P1uww_ply_32",
    "z31P1uww_ply_35",
    "119kM9Xj_ply_35",
    "119kM9Xj_ply_44",
    "168VjK8g_ply_32",
    "168VjK8g_ply_40",
    "1BvsaCXf_ply_38",
    "3aAGFWpD_ply_38",
    "3aAGFWpD_ply_49",
    "4XFz8QWx_ply_18",
    "70weslQ5_ply_29",
    "7DOMDObe_ply_36",
    "7czlfwXV_ply_24",
    "7oSDtcIL_ply_57",
    "84Cd8SoV_ply_25",
    "8aqmu3Cg_ply_56",
    "8wxAmtWt_ply_28",
    "8wxAmtWt_ply_45",
    "8wxAmtWt_ply_56",
    "EaxPgpbL_ply_19",
    "EaxPgpbL_ply_22",
    "EaxPgpbL_ply_25",
    "EaxPgpbL_ply_26",
    "EaxPgpbL_ply_38",
    "EaxPgpbL_ply_53",
    "FaVGVd6v_ply_21",
    "FaVGVd6v_ply_40",
    "H4EeXM1c_ply_31",
    "H4EeXM1c_ply_35",
    "H4EeXM1c_ply_41",
    "IECZqCHk_ply_43",
    "IshC5SvL_ply_49",
    "KkAWuXpl_ply_23",
    "LNpy10TS_ply_47",
    "NMpl1Q91_ply_24",
    "Nxva2Kr3_ply_38",
    "Nxva2Kr3_ply_39",
    "PDKy7kxf_ply_20",
    "QBp2KjS5_ply_23",
    "QBp2KjS5_ply_25",
    "WvOMOsMU_ply_24",
    "X0208hWs_ply_48",
    "X5WAjlVb_ply_18",
    "XtpsyD6Q_ply_19",
    "XtpsyD6Q_ply_26",
    "XtpsyD6Q_ply_42",
    "bRZqybLN_ply_41",
    "cg6KIugn_ply_45",
    "cg6KIugn_ply_51",
    "cg6KIugn_ply_55",
    "eFTG0E89_ply_43",
    "gDCCYaOt_ply_21",
    "gDCCYaOt_ply_24",
    "hi4UI0KC_ply_48",
    "j83hSepE_ply_18",
    "j83hSepE_ply_58",
    "j8z7XEws_ply_18",
    "j8z7XEws_ply_21",
    "j8z7XEws_ply_37",
    "j8z7XEws_ply_40",
    "jZz3HX4t_ply_28",
    "jk5AweNR_ply_27",
    "lyzMcwW0_ply_19",
    "oHfoyoNT_ply_28",
    "oka1HHo3_ply_38",
    "pBhtiTPk_ply_19",
    "pBhtiTPk_ply_51",
    "pa0jXXLk_ply_33",
    "pa0jXXLk_ply_38",
    "r6Kl5KNI_ply_23",
    "r6Kl5KNI_ply_34",
    "rB9nsFce_ply_18",
    "rB9nsFce_ply_27",
    "rPff1hDs_ply_38",
    "rRLPWs6W_ply_24",
    "rRLPWs6W_ply_51",
    "smsBfSdW_ply_24",
    "tiUoqkJo_ply_22",
    "tiUoqkJo_ply_28",
    "u3ENT7qN_ply_34",
    "uuuBMT72_ply_22",
    "vJZwINTd_ply_20",
    "veVp8V7Y_ply_31",
    "veVp8V7Y_ply_37",
    "zeY9HYzm_ply_38",
    "zeY9HYzm_ply_44",
    "03jEUl79_ply_39",
    "03jEUl79_ply_49",
    "119kM9Xj_ply_46",
    "11eseza2_ply_37",
    "168VjK8g_ply_18",
    "1GmB6Cbp_ply_43",
    "1maOz6rR_ply_32",
    "1maOz6rR_ply_42",
    "26gJfeNj_ply_36",
    "3aAGFWpD_ply_19",
    "3aAGFWpD_ply_23",
    "4hP4UqNB_ply_42",
    "55UlGeb9_ply_18",
    "55UlGeb9_ply_41",
    "5NtMrs6m_ply_18",
    "5NtMrs6m_ply_43",
    "70weslQ5_ply_46",
    "70weslQ5_ply_47",
    "78cIwkOb_ply_49",
    "7oSDtcIL_ply_40",
    "7vZtHfl1_ply_27",
    "H4EeXM1c_ply_20",
    "H4EeXM1c_ply_23",
    "JiHRu87M_ply_22",
    "KT3Ooz7O_ply_27",
    "KT3Ooz7O_ply_29",
    "KT3Ooz7O_ply_50",
    "KkAWuXpl_ply_58",
    "KkAWuXpl_ply_59",
    "LNpy10TS_ply_22",
    "LPcYNfPc_ply_35",
    "NMpl1Q91_ply_30",
    "NMpl1Q91_ply_59",
    "Nxva2Kr3_ply_33",
    "PDKy7kxf_ply_44",
    "QBp2KjS5_ply_22",
    "QCADORdU_ply_26",
    "QCADORdU_ply_33",
    "TZMvlJ3H_ply_36",
    "V6hR1cp3_ply_47",
    "VkkkaCH1_ply_28",
    "VkkkaCH1_ply_29",
    "WvOMOsMU_ply_19",
    "X0208hWs_ply_29",
    "XtpsyD6Q_ply_20",
    "XtpsyD6Q_ply_30",
    "cg6KIugn_ply_18",
    "cg6KIugn_ply_19",
    "cg6KIugn_ply_32",
    "cokPKWIL_ply_34",
    "cokPKWIL_ply_46",
    "cokPKWIL_ply_53",
    "cokPKWIL_ply_57",
    "gDCCYaOt_ply_52",
    "hi4UI0KC_ply_18",
    "hi4UI0KC_ply_21",
    "iRKdpzfA_ply_37",
    "jZz3HX4t_ply_23",
    "jk5AweNR_ply_22",
    "jk5AweNR_ply_37",
    "kEI48UY8_ply_23",
    "kEI48UY8_ply_27",
    "kEI48UY8_ply_28",
    "kEI48UY8_ply_33",
    "kEI48UY8_ply_37",
    "lyzMcwW0_ply_37",
    "lyzMcwW0_ply_42",
    "m7jE9AXj_ply_37",
    "pa0jXXLk_ply_28",
    "pa0jXXLk_ply_52",
    "r6Kl5KNI_ply_56",
    "r6Kl5KNI_ply_59",
    "rRLPWs6W_ply_26",
    "rRLPWs6W_ply_50",
    "tiUoqkJo_ply_29",
    "uuuBMT72_ply_41",
    "uuuBMT72_ply_50",
    "v1ofntdB_ply_19",
    "v1ofntdB_ply_45",
    "veVp8V7Y_ply_30",
    "veVp8V7Y_ply_39",
    "veVp8V7Y_ply_40",
    "veVp8V7Y_ply_47",
    "xvIm2G9T_ply_19",
    "xvIm2G9T_ply_30",
    "yMmTCp4q_ply_18",
    "yMmTCp4q_ply_31",
    "yMmTCp4q_ply_42",
    "zeY9HYzm_ply_36",
    "zeY9HYzm_ply_51",
    "03jEUl79_ply_24",
    "03jEUl79_ply_47",
    "119kM9Xj_ply_30",
    "119kM9Xj_ply_37",
    "168VjK8g_ply_31",
    "1GmB6Cbp_ply_47",
    "1GmB6Cbp_ply_54",
    "1maOz6rR_ply_24",
    "26gJfeNj_ply_28",
    "3aAGFWpD_ply_22",
    "3aAGFWpD_ply_31",
    "3aAGFWpD_ply_41",
    "4hP4UqNB_ply_21",
    "4hP4UqNB_ply_43",
    "4hP4UqNB_ply_46",
    "55UlGeb9_ply_24",
    "55UlGeb9_ply_26",
    "55UlGeb9_ply_43",
    "5NtMrs6m_ply_25",
    "78cIwkOb_ply_39",
    "78cIwkOb_ply_51",
    "7DOMDObe_ply_58",
    "7czlfwXV_ply_18",
    "7oSDtcIL_ply_52",
    "7oSDtcIL_ply_56",
    "7vZtHfl1_ply_24",
    "7vZtHfl1_ply_33",
    "7vZtHfl1_ply_44",
    "84Cd8SoV_ply_37",
    "8aqmu3Cg_ply_37",
    "8wxAmtWt_ply_33",
    "8wxAmtWt_ply_36",
    "EaxPgpbL_ply_20",
    "FaVGVd6v_ply_55",
    "FaVGVd6v_ply_57",
    "IECZqCHk_ply_28",
    "IECZqCHk_ply_54",
    "IECZqCHk_ply_57",
    "IshC5SvL_ply_30",
    "IshC5SvL_ply_45",
    "J2sKeYqr_ply_38",
    "J2sKeYqr_ply_39",
    "KT3Ooz7O_ply_19",
    "KT3Ooz7O_ply_47",
    "KT3Ooz7O_ply_53",
    "KkAWuXpl_ply_54",
    "LPcYNfPc_ply_37",
    "NMpl1Q91_ply_51",
    "NMpl1Q91_ply_55",
    "PDKy7kxf_ply_54",
    "QBp2KjS5_ply_33",
    "QBp2KjS5_ply_37",
    "QCADORdU_ply_45",
    "TR3LdU0X_ply_38",
    "TZMvlJ3H_ply_25",
    "TZMvlJ3H_ply_31",
    "V6hR1cp3_ply_23",
    "V6hR1cp3_ply_46",
    "VkkkaCH1_ply_41",
    "WvOMOsMU_ply_48",
    "X0208hWs_ply_34",
    "XtpsyD6Q_ply_31",
    "cokPKWIL_ply_44",
    "h9Pz2Xue_ply_35",
    "hi4UI0KC_ply_19",
    "hi4UI0KC_ply_43",
    "iRKdpzfA_ply_31",
    "iRKdpzfA_ply_39",
    "iisMHDxb_ply_22",
    "iisMHDxb_ply_32",
    "iisMHDxb_ply_42",
    "j83hSepE_ply_37",
    "j83hSepE_ply_40",
    "j8z7XEws_ply_36",
    "jZz3HX4t_ply_31",
    "jZz3HX4t_ply_32",
    "jZz3HX4t_ply_53",
    "lyzMcwW0_ply_41",
    "oka1HHo3_ply_44",
    "pBhtiTPk_ply_20",
    "pBhtiTPk_ply_49",
    "pa0jXXLk_ply_21",
    "pa0jXXLk_ply_47",
    "pa0jXXLk_ply_51",
    "rPff1hDs_ply_25",
    "smsBfSdW_ply_50",
    "st34Nca0_ply_28",
    "tNNQEMVj_ply_28",
    "tNNQEMVj_ply_41",
    "tiUoqkJo_ply_49",
    "u3ENT7qN_ply_30",
    "uuuBMT72_ply_56",
    "vJZwINTd_ply_22",
    "w4EUR2k3_ply_35",
    "z31P1uww_ply_24",
    "zeY9HYzm_ply_22",
    "119kM9Xj_ply_29",
    "11eseza2_ply_42",
    "168VjK8g_ply_28",
    "168VjK8g_ply_30",
    "1BvsaCXf_ply_39",
    "1GmB6Cbp_ply_38",
    "1GmB6Cbp_ply_40",
    "1GmB6Cbp_ply_55",
    "26gJfeNj_ply_19",
    "26gJfeNj_ply_38",
    "3aAGFWpD_ply_30",
    "4hP4UqNB_ply_20",
    "55UlGeb9_ply_34",
    "55UlGeb9_ply_40",
    "5NtMrs6m_ply_30",
    "5NtMrs6m_ply_35",
    "70weslQ5_ply_22",
    "7czlfwXV_ply_40",
    "7oSDtcIL_ply_27",
    "7vZtHfl1_ply_19",
    "7vZtHfl1_ply_22",
    "7vZtHfl1_ply_50",
    "84Cd8SoV_ply_28",
    "84Cd8SoV_ply_32",
    "8wxAmtWt_ply_20",
    "8wxAmtWt_ply_43",
    "8wxAmtWt_ply_54",
    "FaVGVd6v_ply_22",
    "FaVGVd6v_ply_46",
    "IECZqCHk_ply_36",
    "IECZqCHk_ply_42",
    "IECZqCHk_ply_46",
    "J2sKeYqr_ply_40",
    "JiHRu87M_ply_25",
    "KT3Ooz7O_ply_33",
    "LNpy10TS_ply_23",
    "LPcYNfPc_ply_30",
    "NMpl1Q91_ply_26",
    "NMpl1Q91_ply_52",
    "Nxva2Kr3_ply_42",
    "Nxva2Kr3_ply_44",
    "QCADORdU_ply_22",
    "TR3LdU0X_ply_26",
    "V6hR1cp3_ply_37",
    "V6hR1cp3_ply_53",
    "VkkkaCH1_ply_23",
    "VkkkaCH1_ply_40",
    "VkkkaCH1_ply_45",
    "VkkkaCH1_ply_55",
    "WvOMOsMU_ply_21",
    "WvOMOsMU_ply_35",
    "WvOMOsMU_ply_43",
    "X0208hWs_ply_38",
    "X0208hWs_ply_40",
    "X5WAjlVb_ply_26",
    "XihfAk9F_ply_46",
    "XihfAk9F_ply_50",
    "XtpsyD6Q_ply_24",
    "bRZqybLN_ply_55",
    "gDCCYaOt_ply_54",
    "hi4UI0KC_ply_24",
    "iRKdpzfA_ply_38",
    "iisMHDxb_ply_19",
    "j83hSepE_ply_25",
    "jZz3HX4t_ply_45",
    "jZz3HX4t_ply_50",
    "jk5AweNR_ply_20",
    "jk5AweNR_ply_44",
    "jk5AweNR_ply_57",
    "kEI48UY8_ply_45",
    "lyzMcwW0_ply_46",
    "m7jE9AXj_ply_36",
    "oka1HHo3_ply_22",
    "oka1HHo3_ply_48",
    "p65frETO_ply_38",
    "pBhtiTPk_ply_34",
    "pBhtiTPk_ply_46",
    "pa0jXXLk_ply_24",
    "pa0jXXLk_ply_43",
    "pa0jXXLk_ply_45",
    "pa0jXXLk_ply_56",
    "r6Kl5KNI_ply_48",
    "rB9nsFce_ply_19",
    "rB9nsFce_ply_43",
    "smsBfSdW_ply_43",
    "smsBfSdW_ply_56",
    "st34Nca0_ply_18",
    "st34Nca0_ply_21",
    "st34Nca0_ply_52",
    "st34Nca0_ply_57",
    "st34Nca0_ply_59",
    "tNNQEMVj_ply_44",
    "tiUoqkJo_ply_41",
    "u3ENT7qN_ply_51",
    "v1ofntdB_ply_50",
    "vJZwINTd_ply_19",
    "veVp8V7Y_ply_50",
    "w4EUR2k3_ply_22",
    "w4EUR2k3_ply_53",
    "w4EUR2k3_ply_54",
    "xvIm2G9T_ply_24",
    "xvIm2G9T_ply_34",
    "yMmTCp4q_ply_25",
    "03jEUl79_ply_29",
    "03jEUl79_ply_37",
    "11eseza2_ply_39",
    "168VjK8g_ply_29",
    "1GmB6Cbp_ply_21",
    "1GmB6Cbp_ply_50",
    "3aAGFWpD_ply_21",
    "3aAGFWpD_ply_27",
    "4hP4UqNB_ply_28",
    "5NtMrs6m_ply_22",
    "5NtMrs6m_ply_31",
    "5NtMrs6m_ply_34",
    "70weslQ5_ply_26",
    "7DOMDObe_ply_31",
    "7DOMDObe_ply_53",
    "7oSDtcIL_ply_31",
    "7oSDtcIL_ply_51",
    "7vZtHfl1_ply_21",
    "84Cd8SoV_ply_41",
    "84Cd8SoV_ply_49",
    "8aqmu3Cg_ply_34",
    "8aqmu3Cg_ply_42",
    "8wxAmtWt_ply_30",
    "8wxAmtWt_ply_53",
    "FaVGVd6v_ply_48",
    "H4EeXM1c_ply_21",
    "H4EeXM1c_ply_26",
    "I2aoxzaO_ply_23",
    "IECZqCHk_ply_58",
    "IshC5SvL_ply_23",
    "IshC5SvL_ply_35",
    "J2sKeYqr_ply_19",
    "J2sKeYqr_ply_25",
    "JiHRu87M_ply_32",
    "JiHRu87M_ply_43",
    "KkAWuXpl_ply_55",
    "LNpy10TS_ply_46",
    "LNpy10TS_ply_49",
    "NMpl1Q91_ply_21",
    "OFUgj2iX_ply_21",
    "PDKy7kxf_ply_32",
    "PDKy7kxf_ply_48",
    "TZMvlJ3H_ply_34",
    "TZMvlJ3H_ply_35",
    "V6hR1cp3_ply_19",
    "WvOMOsMU_ply_20",
    "WvOMOsMU_ply_23",
    "X0208hWs_ply_50",
    "X5WAjlVb_ply_23",
    "XihfAk9F_ply_37",
    "bRZqybLN_ply_57",
    "cARsBeta_ply_19",
    "gDCCYaOt_ply_37",
    "h9Pz2Xue_ply_33",
    "hi4UI0KC_ply_30",
    "iRKdpzfA_ply_33",
    "iisMHDxb_ply_55",
    "j83hSepE_ply_19",
    "j83hSepE_ply_41",
    "jZz3HX4t_ply_21",
    "jZz3HX4t_ply_54",
    "jZz3HX4t_ply_59",
    "lyzMcwW0_ply_32",
    "oka1HHo3_ply_21",
    "p65frETO_ply_28",
    "p65frETO_ply_35",
    "p65frETO_ply_41",
    "p65frETO_ply_52",
    "r6Kl5KNI_ply_24",
    "r6Kl5KNI_ply_55",
    "rB9nsFce_ply_32",
    "rPff1hDs_ply_18",
    "rPff1hDs_ply_34",
    "rRLPWs6W_ply_32",
    "rRLPWs6W_ply_54",
    "st34Nca0_ply_53",
    "tNNQEMVj_ply_19",
    "tNNQEMVj_ply_36",
    "tiUoqkJo_ply_38",
    "u3ENT7qN_ply_33",
    "uuuBMT72_ply_54",
    "vJZwINTd_ply_50",
    "veVp8V7Y_ply_20",
    "veVp8V7Y_ply_23",
    "veVp8V7Y_ply_48",
    "w4EUR2k3_ply_34",
    "w4EUR2k3_ply_45",
    "yMmTCp4q_ply_33",
    "yMmTCp4q_ply_45",
    "yMmTCp4q_ply_46",
    "ylqLYHEn_ply_21",
    "zeY9HYzm_ply_34",
    "zeY9HYzm_ply_39",
    "03jEUl79_ply_27",
    "119kM9Xj_ply_40",
    "11eseza2_ply_41",
    "168VjK8g_ply_43",
    "1BvsaCXf_ply_29",
    "1GmB6Cbp_ply_20",
    "1GmB6Cbp_ply_57",
    "1maOz6rR_ply_21",
    "1maOz6rR_ply_35",
    "26gJfeNj_ply_43",
    "26gJfeNj_ply_46",
    "26gJfeNj_ply_48",
    "26gJfeNj_ply_52",
    "3aAGFWpD_ply_20",
    "3aAGFWpD_ply_47",
    "3aAGFWpD_ply_50",
    "4hP4UqNB_ply_36",
    "4hP4UqNB_ply_52",
    "55UlGeb9_ply_21",
    "5NtMrs6m_ply_51",
    "78cIwkOb_ply_41",
    "7DOMDObe_ply_43",
    "7czlfwXV_ply_21",
    "7czlfwXV_ply_34",
    "7czlfwXV_ply_37",
    "7oSDtcIL_ply_24",
    "7vZtHfl1_ply_31",
    "84Cd8SoV_ply_20",
    "84Cd8SoV_ply_40",
    "8wxAmtWt_ply_22",
    "8wxAmtWt_ply_23",
    "H4EeXM1c_ply_24",
    "IECZqCHk_ply_33",
    "IECZqCHk_ply_50",
    "J2sKeYqr_ply_36",
    "JiHRu87M_ply_49",
    "KT3Ooz7O_ply_46",
    "KkAWuXpl_ply_19",
    "KkAWuXpl_ply_32",
    "KkAWuXpl_ply_48",
    "LNpy10TS_ply_33",
    "NMpl1Q91_ply_18",
    "NMpl1Q91_ply_39",
    "NMpl1Q91_ply_45",
    "NMpl1Q91_ply_48",
    "Nxva2Kr3_ply_29",
    "PDKy7kxf_ply_53",
    "PDKy7kxf_ply_59",
    "QCADORdU_ply_55",
    "TR3LdU0X_ply_20",
    "TZMvlJ3H_ply_27",
    "V6hR1cp3_ply_24",
    "V6hR1cp3_ply_39",
    "VkkkaCH1_ply_59",
    "WvOMOsMU_ply_28",
    "WvOMOsMU_ply_34",
    "X5WAjlVb_ply_19",
    "X5WAjlVb_ply_22",
    "XihfAk9F_ply_39",
    "bRZqybLN_ply_54",
    "cg6KIugn_ply_27",
    "cg6KIugn_ply_31",
    "cg6KIugn_ply_35",
    "cg6KIugn_ply_43",
    "cg6KIugn_ply_44",
    "cg6KIugn_ply_59",
    "cokPKWIL_ply_28",
    "h9Pz2Xue_ply_24",
    "iRKdpzfA_ply_23",
    "j83hSepE_ply_38",
    "j83hSepE_ply_43",
    "jZz3HX4t_ply_18",
    "jZz3HX4t_ply_27",
    "jZz3HX4t_ply_36",
    "lyzMcwW0_ply_20",
    "lyzMcwW0_ply_53",
    "m7jE9AXj_ply_45",
    "oka1HHo3_ply_58",
    "p65frETO_ply_31",
    "p65frETO_ply_37",
    "p65frETO_ply_51",
    "pa0jXXLk_ply_27",
    "pa0jXXLk_ply_49",
    "r6Kl5KNI_ply_39",
    "rB9nsFce_ply_21",
    "rB9nsFce_ply_29",
    "rRLPWs6W_ply_29",
    "rRLPWs6W_ply_43",
    "smsBfSdW_ply_21",
    "smsBfSdW_ply_27",
    "smsBfSdW_ply_38",
    "smsBfSdW_ply_45",
    "st34Nca0_ply_29",
    "st34Nca0_ply_58",
    "tNNQEMVj_ply_38",
    "tiUoqkJo_ply_30",
    "u3ENT7qN_ply_20",
    "u3ENT7qN_ply_26",
    "u3ENT7qN_ply_38",
    "uuuBMT72_ply_39",
    "uuuBMT72_ply_40",
    "vJZwINTd_ply_26",
    "veVp8V7Y_ply_28",
    "veVp8V7Y_ply_53",
    "w4EUR2k3_ply_46",
    "ylqLYHEn_ply_22",
    "ylqLYHEn_ply_24",
    "03jEUl79_ply_20",
    "03jEUl79_ply_32",
    "03jEUl79_ply_41",
    "119kM9Xj_ply_33",
    "1GmB6Cbp_ply_33",
    "1maOz6rR_ply_22",
    "1maOz6rR_ply_23",
    "1maOz6rR_ply_51",
    "1maOz6rR_ply_52",
    "3aAGFWpD_ply_34",
    "4XFz8QWx_ply_22",
    "4XFz8QWx_ply_44",
    "4hP4UqNB_ply_24",
    "70weslQ5_ply_35",
    "70weslQ5_ply_37",
    "70weslQ5_ply_44",
    "7DOMDObe_ply_59",
    "7czlfwXV_ply_19",
    "7czlfwXV_ply_28",
    "7oSDtcIL_ply_45",
    "7vZtHfl1_ply_38",
    "8aqmu3Cg_ply_35",
    "8aqmu3Cg_ply_36",
    "8aqmu3Cg_ply_44",
    "8aqmu3Cg_ply_50",
    "8wxAmtWt_ply_31",
    "8wxAmtWt_ply_32",
    "8wxAmtWt_ply_41",
    "EaxPgpbL_ply_34",
    "FaVGVd6v_ply_45",
    "IECZqCHk_ply_32",
    "IGiGGnz5_ply_35",
    "IshC5SvL_ply_48",
    "J2sKeYqr_ply_21",
    "KT3Ooz7O_ply_32",
    "KT3Ooz7O_ply_42",
    "KT3Ooz7O_ply_43",
    "LNpy10TS_ply_36",
    "LNpy10TS_ply_38",
    "LNpy10TS_ply_48",
    "LNpy10TS_ply_58",
    "LPcYNfPc_ply_43",
    "Nxva2Kr3_ply_26",
    "Nxva2Kr3_ply_30",
    "OFUgj2iX_ply_18",
    "OFUgj2iX_ply_20",
    "OFUgj2iX_ply_32",
    "PDKy7kxf_ply_35",
    "PDKy7kxf_ply_52",
    "TR3LdU0X_ply_43",
    "TZMvlJ3H_ply_21",
    "V6hR1cp3_ply_28",
    "V6hR1cp3_ply_33",
    "V6hR1cp3_ply_52",
    "VkkkaCH1_ply_43",
    "WvOMOsMU_ply_41",
    "X0208hWs_ply_53",
    "bRZqybLN_ply_28",
    "bRZqybLN_ply_56",
    "cokPKWIL_ply_18",
    "cokPKWIL_ply_45",
    "gDCCYaOt_ply_30",
    "gDCCYaOt_ply_35",
    "h9Pz2Xue_ply_37",
    "iRKdpzfA_ply_35",
    "iisMHDxb_ply_25",
    "j83hSepE_ply_33",
    "j8z7XEws_ply_32",
    "jZz3HX4t_ply_33",
    "jZz3HX4t_ply_44",
    "kEI48UY8_ply_42",
    "lyzMcwW0_ply_21",
    "lyzMcwW0_ply_40",
    "oka1HHo3_ply_49",
    "oka1HHo3_ply_59",
    "p65frETO_ply_23",
    "pBhtiTPk_ply_42",
    "pa0jXXLk_ply_48",
    "pa0jXXLk_ply_53",
    "pa0jXXLk_ply_54",
    "rB9nsFce_ply_46",
    "rPff1hDs_ply_24",
    "rPff1hDs_ply_48",
    "smsBfSdW_ply_52",
    "st34Nca0_ply_35",
    "st34Nca0_ply_42",
    "tNNQEMVj_ply_21",
    "tNNQEMVj_ply_50",
    "tiUoqkJo_ply_33",
    "u3ENT7qN_ply_28",
    "u3ENT7qN_ply_47",
    "u3ENT7qN_ply_55",
    "uuuBMT72_ply_52",
    "v1ofntdB_ply_23",
    "v1ofntdB_ply_24",
    "v1ofntdB_ply_37",
    "v1ofntdB_ply_46",
    "vJZwINTd_ply_32",
    "vJZwINTd_ply_36",
    "zeY9HYzm_ply_23",
    "zeY9HYzm_ply_29",
    "03jEUl79_ply_18",
    "119kM9Xj_ply_31",
    "119kM9Xj_ply_43",
    "1GmB6Cbp_ply_30",
    "1GmB6Cbp_ply_49",
    "1GmB6Cbp_ply_59",
    "1maOz6rR_ply_18",
    "1maOz6rR_ply_30",
    "1maOz6rR_ply_48",
    "26gJfeNj_ply_39",
    "3aAGFWpD_ply_36",
    "4XFz8QWx_ply_38",
    "4hP4UqNB_ply_29",
    "4hP4UqNB_ply_34",
    "55UlGeb9_ply_20",
    "5NtMrs6m_ply_48",
    "70weslQ5_ply_24",
    "78cIwkOb_ply_26",
    "78cIwkOb_ply_44",
    "78cIwkOb_ply_48",
    "7DOMDObe_ply_30",
    "7DOMDObe_ply_38",
    "7DOMDObe_ply_46",
    "7DOMDObe_ply_47",
    "7czlfwXV_ply_25",
    "7oSDtcIL_ply_25",
    "8aqmu3Cg_ply_27",
    "8aqmu3Cg_ply_52",
    "8wxAmtWt_ply_24",
    "8wxAmtWt_ply_40",
    "FaVGVd6v_ply_42",
    "IECZqCHk_ply_59",
    "IshC5SvL_ply_24",
    "J2sKeYqr_ply_46",
    "JiHRu87M_ply_41",
    "JiHRu87M_ply_53",
    "KkAWuXpl_ply_34",
    "LNpy10TS_ply_31",
    "LNpy10TS_ply_54",
    "NMpl1Q91_ply_40",
    "Nxva2Kr3_ply_40",
    "OFUgj2iX_ply_22",
    "OFUgj2iX_ply_26",
    "PDKy7kxf_ply_49",
    "QBp2KjS5_ply_28",
    "QCADORdU_ply_23",
    "QCADORdU_ply_53",
    "TR3LdU0X_ply_23",
    "TR3LdU0X_ply_30",
    "V6hR1cp3_ply_22",
    "V6hR1cp3_ply_27",
    "V6hR1cp3_ply_54",
    "V6hR1cp3_ply_57",
    "VkkkaCH1_ply_44",
    "VkkkaCH1_ply_46",
    "VkkkaCH1_ply_52",
    "WvOMOsMU_ply_30",
    "WvOMOsMU_ply_40",
    "X0208hWs_ply_21",
    "X0208hWs_ply_35",
    "XihfAk9F_ply_21",
    "XihfAk9F_ply_29",
    "XtpsyD6Q_ply_39",
    "XtpsyD6Q_ply_44",
    "cg6KIugn_ply_24",
    "cg6KIugn_ply_29",
    "cokPKWIL_ply_55",
    "gDCCYaOt_ply_46",
    "h9Pz2Xue_ply_23",
    "iisMHDxb_ply_31",
    "iisMHDxb_ply_41",
    "iisMHDxb_ply_54",
    "j83hSepE_ply_34",
    "jZz3HX4t_ply_25",
    "jk5AweNR_ply_42",
    "jk5AweNR_ply_46",
    "kEI48UY8_ply_30",
    "lyzMcwW0_ply_27",
    "lyzMcwW0_ply_34",
    "m7jE9AXj_ply_43",
    "oHfoyoNT_ply_23",
    "oHfoyoNT_ply_27",
    "p65frETO_ply_32",
    "p65frETO_ply_44",
    "pa0jXXLk_ply_22",
    "r6Kl5KNI_ply_22",
    "rPff1hDs_ply_21",
    "rPff1hDs_ply_22",
    "rRLPWs6W_ply_33",
    "rRLPWs6W_ply_37",
    "rRLPWs6W_ply_56",
    "smsBfSdW_ply_23",
    "smsBfSdW_ply_29",
    "smsBfSdW_ply_32",
    "smsBfSdW_ply_33",
    "smsBfSdW_ply_34",
    "st34Nca0_ply_45",
    "tNNQEMVj_ply_29",
    "tNNQEMVj_ply_32",
    "tNNQEMVj_ply_43",
    "tNNQEMVj_ply_51",
    "tiUoqkJo_ply_36",
    "u3ENT7qN_ply_25",
    "u3ENT7qN_ply_31",
    "uuuBMT72_ply_20",
    "uuuBMT72_ply_45",
    "uuuBMT72_ply_47",
    "vJZwINTd_ply_40",
    "w4EUR2k3_ply_44",
    "w4EUR2k3_ply_51",
    "xvIm2G9T_ply_43",
    "yMmTCp4q_ply_47",
    "z31P1uww_ply_27",
    "z31P1uww_ply_30",
    "zeY9HYzm_ply_18",
    "zeY9HYzm_ply_21",
    "03jEUl79_ply_26",
    "03jEUl79_ply_34",
    "119kM9Xj_ply_39",
    "11eseza2_ply_21",
    "1GmB6Cbp_ply_23",
    "1GmB6Cbp_ply_28",
    "1GmB6Cbp_ply_46",
    "1maOz6rR_ply_26",
    "1maOz6rR_ply_39",
    "26gJfeNj_ply_51",
    "26gJfeNj_ply_53",
    "3aAGFWpD_ply_18",
    "3aAGFWpD_ply_33",
    "3aAGFWpD_ply_43",
    "4XFz8QWx_ply_27",
    "4XFz8QWx_ply_34",
    "4XFz8QWx_ply_39",
    "55UlGeb9_ply_39",
    "5NtMrs6m_ply_19",
    "5NtMrs6m_ply_26",
    "70weslQ5_ply_23",
    "70weslQ5_ply_38",
    "7czlfwXV_ply_35",
    "7czlfwXV_ply_41",
    "7oSDtcIL_ply_53",
    "7vZtHfl1_ply_36",
    "7vZtHfl1_ply_37",
    "7vZtHfl1_ply_52",
    "84Cd8SoV_ply_30",
    "8aqmu3Cg_ply_21",
    "FaVGVd6v_ply_31",
    "FaVGVd6v_ply_52",
    "IECZqCHk_ply_41",
    "IECZqCHk_ply_44",
    "IECZqCHk_ply_47",
    "JiHRu87M_ply_40",
    "KT3Ooz7O_ply_25",
    "KkAWuXpl_ply_20",
    "LPcYNfPc_ply_41",
    "NMpl1Q91_ply_25",
    "NMpl1Q91_ply_36",
    "NMpl1Q91_ply_53",
    "Nxva2Kr3_ply_49",
    "PDKy7kxf_ply_50",
    "PDKy7kxf_ply_58",
    "TR3LdU0X_ply_22",
    "TZMvlJ3H_ply_26",
    "TZMvlJ3H_ply_30",
    "V6hR1cp3_ply_29",
    "V6hR1cp3_ply_32",
    "V6hR1cp3_ply_42",
    "V6hR1cp3_ply_56",
    "VkkkaCH1_ply_32",
    "VkkkaCH1_ply_37",
    "VkkkaCH1_ply_48",
    "WvOMOsMU_ply_31",
    "X0208hWs_ply_49",
    "bRZqybLN_ply_27",
    "cg6KIugn_ply_42",
    "cokPKWIL_ply_56",
    "eFTG0E89_ply_20",
    "gDCCYaOt_ply_42",
    "gDCCYaOt_ply_44",
    "gDCCYaOt_ply_55",
    "h9Pz2Xue_ply_34",
    "hMI5kmr4_ply_18",
    "hi4UI0KC_ply_20",
    "hi4UI0KC_ply_26",
    "iisMHDxb_ply_43",
    "iisMHDxb_ply_47",
    "jZz3HX4t_ply_20",
    "jk5AweNR_ply_18",
    "jk5AweNR_ply_23",
    "kEI48UY8_ply_32",
    "kEI48UY8_ply_44",
    "lyzMcwW0_ply_39",
    "lyzMcwW0_ply_55",
    "oHfoyoNT_ply_32",
    "oka1HHo3_ply_36",
    "oka1HHo3_ply_47",
    "pBhtiTPk_ply_41",
    "r6Kl5KNI_ply_29",
    "r6Kl5KNI_ply_42",
    "rB9nsFce_ply_48",
    "rRLPWs6W_ply_40",
    "rRLPWs6W_ply_47",
    "rRLPWs6W_ply_48",
    "smsBfSdW_ply_55",
    "tNNQEMVj_ply_39",
    "tiUoqkJo_ply_26",
    "u3ENT7qN_ply_22",
    "uuuBMT72_ply_51",
    "v1ofntdB_ply_25",
    "v1ofntdB_ply_41",
    "veVp8V7Y_ply_32",
    "veVp8V7Y_ply_56",
    "w4EUR2k3_ply_29",
    "w4EUR2k3_ply_36",
    "w4EUR2k3_ply_38",
    "w4EUR2k3_ply_49",
    "w4EUR2k3_ply_52",
    "xvIm2G9T_ply_25",
    "xvIm2G9T_ply_33",
    "yMmTCp4q_ply_19",
    "yMmTCp4q_ply_30",
    "yMmTCp4q_ply_44",
    "z31P1uww_ply_26",
    "03jEUl79_ply_40",
    "119kM9Xj_ply_20",
    "119kM9Xj_ply_32",
    "1GmB6Cbp_ply_45",
    "1maOz6rR_ply_44",
    "26gJfeNj_ply_29",
    "3aAGFWpD_ply_24",
    "4XFz8QWx_ply_51",
    "4XFz8QWx_ply_52",
    "78cIwkOb_ply_38",
    "7DOMDObe_ply_40",
    "7DOMDObe_ply_52",
    "7czlfwXV_ply_23",
    "7czlfwXV_ply_30",
    "7vZtHfl1_ply_32",
    "7vZtHfl1_ply_42",
    "84Cd8SoV_ply_35",
    "84Cd8SoV_ply_36",
    "84Cd8SoV_ply_46",
    "8aqmu3Cg_ply_30",
    "8aqmu3Cg_ply_33",
    "8wxAmtWt_ply_35",
    "8wxAmtWt_ply_49",
    "FaVGVd6v_ply_33",
    "FaVGVd6v_ply_35",
    "IGiGGnz5_ply_23",
    "IshC5SvL_ply_25",
    "IshC5SvL_ply_47",
    "J2sKeYqr_ply_20"
  ],
  "best_move_switch_stats": {
    "min": 0,
    "max": 5,
    "mean": 1.5561
  },
  "best_score_range_stats": {
    "min": 1,
    "max": 570,
    "mean": 61.8747
  },
  "actual_move_rank_range_stats": {
    "min": 0,
    "max": 9,
    "mean": 2.3137
  },
  "root_analysis_row_count": 10800,
  "selection_mode": "global_top_complexity",
  "paths": {
    "selected_positions_csv": "/Users/jialinzhang/Documents/Chess/Complexity_Idea/chess-complexity-full-test/outputs/analyses/20260510_stockfish_time_budget_overnight_1800/stockfish_time_budget/tables/selected_positions.csv",
    "position_stability_csv": "/Users/jialinzhang/Documents/Chess/Complexity_Idea/chess-complexity-full-test/outputs/analyses/20260510_stockfish_time_budget_overnight_1800/stockfish_time_budget/tables/position_stability.csv",
    "root_analysis_by_budget_csv": "/Users/jialinzhang/Documents/Chess/Complexity_Idea/chess-complexity-full-test/outputs/analyses/20260510_stockfish_time_budget_overnight_1800/stockfish_time_budget/tables/root_analysis_by_budget.csv",
    "root_analysis_by_budget_jsonl": "/Users/jialinzhang/Documents/Chess/Complexity_Idea/chess-complexity-full-test/outputs/analyses/20260510_stockfish_time_budget_overnight_1800/stockfish_time_budget/root_analysis_by_budget.jsonl"
  }
}
